<?xml version="1.0" encoding="UTF-8"?>
<!-- Generated by org.testng.reporters.JUnitXMLReporter -->
<testsuite ignored="0" hostname="DESKTOP-H6V9FIN" failures="2" tests="2" name="Surefire test" time="27.004" errors="0" timestamp="2022-04-25T18:49:42 BRT">
  <testcase classname="io.cucumber.testng.AbstractTestNGCucumberTests" name="runScenario" time="13.607">
    <failure type="java.lang.NullPointerException" message="Cannot invoke &amp;quot;org.openqa.selenium.TakesScreenshot.getScreenshotAs(org.openqa.selenium.OutputType)&amp;quot; because &amp;quot;this.driver&amp;quot; is null">
      <![CDATA[java.lang.NullPointerException: Cannot invoke "org.openqa.selenium.TakesScreenshot.getScreenshotAs(org.openqa.selenium.OutputType)" because "this.driver" is null
at prova.sicredi@1.0-SNAPSHOT/paginas.Metodos.printScreenErros(Metodos.java:148)
at prova.sicredi@1.0-SNAPSHOT/paginas.Metodos.esperarClicavel(Metodos.java:246)
at prova.sicredi@1.0-SNAPSHOT/paginas.Navegacoes.validacaoDeCadastro(Navegacoes.java:13)
at prova.sicredi@1.0-SNAPSHOT/steps.Steps.valido_o_cadastro_do_primeiro_cenario(Steps.java:66)
at ✽.valido o cadastro do primeiro cenario(file:///C:/Users/erick/IdeaProjects/prova_sicredi/src/test/resources/features/provaSicredi.feature:16)
]]>
    </failure>
  </testcase> <!-- runScenario -->
  <testcase classname="io.cucumber.testng.AbstractTestNGCucumberTests" name="runScenario" time="12.175">
    <failure type="java.lang.NullPointerException" message="Cannot invoke &amp;quot;org.openqa.selenium.TakesScreenshot.getScreenshotAs(org.openqa.selenium.OutputType)&amp;quot; because &amp;quot;this.driver&amp;quot; is null">
      <![CDATA[java.lang.NullPointerException: Cannot invoke "org.openqa.selenium.TakesScreenshot.getScreenshotAs(org.openqa.selenium.OutputType)" because "this.driver" is null
at prova.sicredi@1.0-SNAPSHOT/paginas.Metodos.printScreenErros(Metodos.java:148)
at prova.sicredi@1.0-SNAPSHOT/paginas.Metodos.esperarClicavel(Metodos.java:246)
at prova.sicredi@1.0-SNAPSHOT/paginas.Navegacoes.validacaoDeCadastro(Navegacoes.java:13)
at prova.sicredi@1.0-SNAPSHOT/steps.Steps.valido_o_cadastro_do_segundo_cenario(Steps.java:72)
at ✽.valido o cadastro do segundo cenario(file:///C:/Users/erick/IdeaProjects/prova_sicredi/src/test/resources/features/provaSicredi.feature:24)
]]>
    </failure>
  </testcase> <!-- runScenario -->
</testsuite> <!-- Surefire test -->
