<?xml version="1.0" encoding="UTF-8"?>
<testng-results ignored="0" total="2" passed="0" failed="2" skipped="0">
  <reporter-output>
  </reporter-output>
  <suite started-at="2022-04-25T18:49:15 BRT" name="Surefire suite" finished-at="2022-04-25T18:49:42 BRT" duration-ms="27004">
    <groups>
      <group name="cucumber">
        <method signature="AbstractTestNGCucumberTests.runScenario(io.cucumber.testng.PickleWrapper,io.cucumber.testng.FeatureWrapper)[pri:0, instance:executa.ExecutarIT@383bfa16]" name="runScenario" class="io.cucumber.testng.AbstractTestNGCucumberTests"/>
      </group> <!-- cucumber -->
    </groups>
    <test started-at="2022-04-25T18:49:15 BRT" name="Surefire test" finished-at="2022-04-25T18:49:42 BRT" duration-ms="27004">
      <class name="executa.ExecutarIT">
        <test-method is-config="true" signature="setUpClass(org.testng.ITestContext)[pri:0, instance:executa.ExecutarIT@383bfa16]" started-at="2022-04-25T18:49:15 BRT" name="setUpClass" finished-at="2022-04-25T18:49:16 BRT" duration-ms="988" status="PASS">
          <params>
            <param index="0">
              <value>
                <![CDATA[org.testng.TestRunner@68c9e023]]>
              </value>
            </param>
          </params>
          <reporter-output>
          </reporter-output>
        </test-method> <!-- setUpClass -->
        <test-method signature="runScenario(io.cucumber.testng.PickleWrapper,io.cucumber.testng.FeatureWrapper)[pri:0, instance:executa.ExecutarIT@383bfa16]" started-at="2022-04-25T18:49:16 BRT" name="runScenario" description="Runs Cucumber Scenarios" data-provider="scenarios" finished-at="2022-04-25T18:49:30 BRT" duration-ms="13607" status="FAIL">
          <params>
            <param index="0">
              <value>
                <![CDATA["Cadastrar novo cliente"]]>
              </value>
            </param>
            <param index="1">
              <value>
                <![CDATA["Optional[Cadastrar novo cliente e depois exclui-lo]"]]>
              </value>
            </param>
          </params>
          <exception class="java.lang.NullPointerException">
            <message>
              <![CDATA[Cannot invoke "org.openqa.selenium.TakesScreenshot.getScreenshotAs(org.openqa.selenium.OutputType)" because "this.driver" is null]]>
            </message>
            <full-stacktrace>
              <![CDATA[java.lang.NullPointerException: Cannot invoke "org.openqa.selenium.TakesScreenshot.getScreenshotAs(org.openqa.selenium.OutputType)" because "this.driver" is null
at prova.sicredi@1.0-SNAPSHOT/paginas.Metodos.printScreenErros(Metodos.java:148)
at prova.sicredi@1.0-SNAPSHOT/paginas.Metodos.esperarClicavel(Metodos.java:246)
at prova.sicredi@1.0-SNAPSHOT/paginas.Navegacoes.validacaoDeCadastro(Navegacoes.java:13)
at prova.sicredi@1.0-SNAPSHOT/steps.Steps.valido_o_cadastro_do_primeiro_cenario(Steps.java:66)
at ✽.valido o cadastro do primeiro cenario(file:///C:/Users/erick/IdeaProjects/prova_sicredi/src/test/resources/features/provaSicredi.feature:16)
]]>
            </full-stacktrace>
          </exception> <!-- java.lang.NullPointerException -->
          <reporter-output>
          </reporter-output>
        </test-method> <!-- runScenario -->
        <test-method signature="runScenario(io.cucumber.testng.PickleWrapper,io.cucumber.testng.FeatureWrapper)[pri:0, instance:executa.ExecutarIT@383bfa16]" started-at="2022-04-25T18:49:30 BRT" name="runScenario" description="Runs Cucumber Scenarios" data-provider="scenarios" finished-at="2022-04-25T18:49:42 BRT" duration-ms="12175" status="FAIL">
          <params>
            <param index="0">
              <value>
                <![CDATA["Cadastrar novo funcionario"]]>
              </value>
            </param>
            <param index="1">
              <value>
                <![CDATA["Optional[Cadastrar novo cliente e depois exclui-lo]"]]>
              </value>
            </param>
          </params>
          <exception class="java.lang.NullPointerException">
            <message>
              <![CDATA[Cannot invoke "org.openqa.selenium.TakesScreenshot.getScreenshotAs(org.openqa.selenium.OutputType)" because "this.driver" is null]]>
            </message>
            <full-stacktrace>
              <![CDATA[java.lang.NullPointerException: Cannot invoke "org.openqa.selenium.TakesScreenshot.getScreenshotAs(org.openqa.selenium.OutputType)" because "this.driver" is null
at prova.sicredi@1.0-SNAPSHOT/paginas.Metodos.printScreenErros(Metodos.java:148)
at prova.sicredi@1.0-SNAPSHOT/paginas.Metodos.esperarClicavel(Metodos.java:246)
at prova.sicredi@1.0-SNAPSHOT/paginas.Navegacoes.validacaoDeCadastro(Navegacoes.java:13)
at prova.sicredi@1.0-SNAPSHOT/steps.Steps.valido_o_cadastro_do_segundo_cenario(Steps.java:72)
at ✽.valido o cadastro do segundo cenario(file:///C:/Users/erick/IdeaProjects/prova_sicredi/src/test/resources/features/provaSicredi.feature:24)
]]>
            </full-stacktrace>
          </exception> <!-- java.lang.NullPointerException -->
          <reporter-output>
          </reporter-output>
        </test-method> <!-- runScenario -->
        <test-method is-config="true" signature="tearDownClass()[pri:0, instance:executa.ExecutarIT@383bfa16]" started-at="2022-04-25T18:49:42 BRT" name="tearDownClass" finished-at="2022-04-25T18:49:42 BRT" duration-ms="133" status="PASS">
          <reporter-output>
          </reporter-output>
        </test-method> <!-- tearDownClass -->
      </class> <!-- executa.ExecutarIT -->
    </test> <!-- Surefire test -->
  </suite> <!-- Surefire suite -->
</testng-results>
