<?xml version="1.0" encoding="UTF-8"?>
<testsuite xmlns:xsi="http://www.w3.org/2001/XMLSchema-instance" xsi:noNamespaceSchemaLocation="https://maven.apache.org/surefire/maven-failsafe-plugin/xsd/failsafe-test-report-3.0.xsd" version="3.0" name="executa.ExecutarIT" time="36.492" tests="2" errors="0" skipped="0" failures="1">
  <properties>
[...]
</properties>
  <testcase name="runScenario[&quot;Cadastrar novo cliente&quot;, &quot;Optional[Cadastrar novo cliente e depois exclui-lo]&quot;](1)" classname="executa.ExecutarIT" time="12.176">
    <system-out><![CDATA[
@Executa @Executa
Cenario: Cadastrar novo cliente                                                 # src/test/resources/features/provaSicredi.feature:12
  Dado eu acesse o site "https://www.grocerycrud.com/v1.x/demo/bootstrap_theme" # steps.Steps.eu_acesse_o_site(java.lang.String)
  Quando eu altero o select version                                             # steps.Steps.eu_altero_o_select_version()
  E clico em add customer                                                       # steps.Steps.clico_em_add_customer()
  E preencho todos os dados do cliente                                          # steps.Steps.preencho_todos_os_dados_do_cliente()
  E valido o cadastro                                                           # steps.Steps.valido_o_cadastro()
  Entao fecho navegador                                                         # steps.Steps.fecho_navegador()
]]></system-out>
    <system-err><![CDATA[SLF4J: Failed to load class "org.slf4j.impl.StaticLoggerBinder".
SLF4J: Defaulting to no-operation (NOP) logger implementation
SLF4J: See http://www.slf4j.org/codes.html#StaticLoggerBinder for further details.
Starting ChromeDriver 100.0.4896.60 (6a5d10861ce8de5fce22564658033b43cb7de047-refs/branch-heads/4896@{#875}) on port 56843
Only local connections are allowed.
Please see https://chromedriver.chromium.org/security-considerations for suggestions on keeping ChromeDriver safe.
ChromeDriver was started successfully.
abr. 24, 2022 10:40:50 PM org.openqa.selenium.remote.ProtocolHandshake createSession
INFO: Detected dialect: W3C
abr. 24, 2022 10:40:50 PM org.openqa.selenium.devtools.CdpVersionFinder findNearestMatch
WARNING: Unable to find an exact match for CDP version 100, so returning the closest version found: 97
abr. 24, 2022 10:40:50 PM org.openqa.selenium.devtools.CdpVersionFinder findNearestMatch
INFO: Found CDP implementation for version 100 of 97
]]></system-err>
  </testcase>
  <testcase name="runScenario[&quot;Cadastrar novo funcionario&quot;, &quot;Optional[Cadastrar novo cliente e depois exclui-lo]&quot;](2)" classname="executa.ExecutarIT" time="22.54">
    <failure message="expected [] but found [Your data has been successfully deleted from the database.]" type="java.lang.AssertionError"><![CDATA[java.lang.AssertionError: expected [] but found [Your data has been successfully deleted from the database.]
]]></failure>
    <system-out><![CDATA[
@Executa @Executa
Cenario: Cadastrar novo funcionario                                             # src/test/resources/features/provaSicredi.feature:20
  Dado eu acesse o site "https://www.grocerycrud.com/v1.x/demo/bootstrap_theme" # steps.Steps.eu_acesse_o_site(java.lang.String)
  Quando eu altero o select version                                             # steps.Steps.eu_altero_o_select_version()
  E clico em add customer                                                       # steps.Steps.clico_em_add_customer()
  E preencho todos os dados do cliente                                          # steps.Steps.preencho_todos_os_dados_do_cliente()
  E valido o cadastro                                                           # steps.Steps.valido_o_cadastro()
  E clico em go back to list                                                    # steps.Steps.clico_em_go_back_to_list()
  E pesquiso o nome do cliente cadastrado                                       # steps.Steps.pesquiso_o_nome_do_cliente_cadastrado()
  E deleto o cliente cadastrado                                                 # steps.Steps.deleto_o_cliente_cadastrado()
  E valido o a confirmacao da exclusao                                          # steps.Steps.valido_o_a_confirmacao_da_exclusao()
  E confirmo a exclusao                                                         # steps.Steps.confirmo_a_exclusao()
  E valido a exclusao                                                           # steps.Steps.valido_a_exclusao()
      java.lang.AssertionError: expected [] but found [Your data has been successfully deleted from the database.]
	at org.testng.Assert.fail(Assert.java:110)
	at org.testng.Assert.failNotEquals(Assert.java:1413)
	at org.testng.Assert.assertEqualsImpl(Assert.java:149)
	at org.testng.Assert.assertEquals(Assert.java:131)
	at org.testng.Assert.assertEquals(Assert.java:655)
	at org.testng.Assert.assertEquals(Assert.java:665)
	at provaSicrediWeb@1.0-SNAPSHOT/paginas.Metodos.validarTexto(Metodos.java:276)
	at provaSicrediWeb@1.0-SNAPSHOT/steps.Steps.valido_a_exclusao(Steps.java:111)
	at ✽.valido a exclusao(file:///C:/Users/erick/IdeaProjects/provaSicrediWeb/src/test/resources/features/provaSicredi.feature:30)

  Entao fecho navegador                                                         # steps.Steps.fecho_navegador()
]]></system-out>
    <system-err><![CDATA[Starting ChromeDriver 100.0.4896.60 (6a5d10861ce8de5fce22564658033b43cb7de047-refs/branch-heads/4896@{#875}) on port 63704
Only local connections are allowed.
Please see https://chromedriver.chromium.org/security-considerations for suggestions on keeping ChromeDriver safe.
ChromeDriver was started successfully.
abr. 24, 2022 10:41:01 PM org.openqa.selenium.remote.ProtocolHandshake createSession
INFO: Detected dialect: W3C
abr. 24, 2022 10:41:01 PM org.openqa.selenium.devtools.CdpVersionFinder findNearestMatch
WARNING: Unable to find an exact match for CDP version 100, so returning the closest version found: 97
abr. 24, 2022 10:41:01 PM org.openqa.selenium.devtools.CdpVersionFinder findNearestMatch
INFO: Found CDP implementation for version 100 of 97
]]></system-err>
  </testcase>
</testsuite>